Determining if the pthread_create exist failed with the following output:
Change Dir: /home/caplab/Batbots/gymBatbot/gym_gazebo_BatBots/gym_gazebo/envs/installation/catkin_ws/build/CMakeFiles/CMakeTmp

Run Build Command:"/usr/bin/make" "cmTC_cb52c/fast"
/usr/bin/make -f CMakeFiles/cmTC_cb52c.dir/build.make CMakeFiles/cmTC_cb52c.dir/build
make[1]: Entering directory '/home/caplab/Batbots/gymBatbot/gym_gazebo_BatBots/gym_gazebo/envs/installation/catkin_ws/build/CMakeFiles/CMakeTmp'
Building C object CMakeFiles/cmTC_cb52c.dir/CheckSymbolExists.c.o
/usr/bin/cc     -o CMakeFiles/cmTC_cb52c.dir/CheckSymbolExists.c.o   -c /home/caplab/Batbots/gymBatbot/gym_gazebo_BatBots/gym_gazebo/envs/installation/catkin_ws/build/CMakeFiles/CMakeTmp/CheckSymbolExists.c
Linking C executable cmTC_cb52c
/usr/bin/cmake -E cmake_link_script CMakeFiles/cmTC_cb52c.dir/link.txt --verbose=1
/usr/bin/cc       CMakeFiles/cmTC_cb52c.dir/CheckSymbolExists.c.o  -o cmTC_cb52c -rdynamic 
CMakeFiles/cmTC_cb52c.dir/CheckSymbolExists.c.o: In function `main':
CheckSymbolExists.c:(.text+0x16): undefined reference to `pthread_create'
collect2: error: ld returned 1 exit status
CMakeFiles/cmTC_cb52c.dir/build.make:97: recipe for target 'cmTC_cb52c' failed
make[1]: *** [cmTC_cb52c] Error 1
make[1]: Leaving directory '/home/caplab/Batbots/gymBatbot/gym_gazebo_BatBots/gym_gazebo/envs/installation/catkin_ws/build/CMakeFiles/CMakeTmp'
Makefile:126: recipe for target 'cmTC_cb52c/fast' failed
make: *** [cmTC_cb52c/fast] Error 2

File /home/caplab/Batbots/gymBatbot/gym_gazebo_BatBots/gym_gazebo/envs/installation/catkin_ws/build/CMakeFiles/CMakeTmp/CheckSymbolExists.c:
/* */
#include <pthread.h>

int main(int argc, char** argv)
{
  (void)argv;
#ifndef pthread_create
  return ((int*)(&pthread_create))[argc];
#else
  (void)argc;
  return 0;
#endif
}

Determining if the function pthread_create exists in the pthreads failed with the following output:
Change Dir: /home/caplab/Batbots/gymBatbot/gym_gazebo_BatBots/gym_gazebo/envs/installation/catkin_ws/build/CMakeFiles/CMakeTmp

Run Build Command:"/usr/bin/make" "cmTC_4a8d5/fast"
/usr/bin/make -f CMakeFiles/cmTC_4a8d5.dir/build.make CMakeFiles/cmTC_4a8d5.dir/build
make[1]: Entering directory '/home/caplab/Batbots/gymBatbot/gym_gazebo_BatBots/gym_gazebo/envs/installation/catkin_ws/build/CMakeFiles/CMakeTmp'
Building C object CMakeFiles/cmTC_4a8d5.dir/CheckFunctionExists.c.o
/usr/bin/cc    -DCHECK_FUNCTION_EXISTS=pthread_create   -o CMakeFiles/cmTC_4a8d5.dir/CheckFunctionExists.c.o   -c /usr/share/cmake-3.5/Modules/CheckFunctionExists.c
Linking C executable cmTC_4a8d5
/usr/bin/cmake -E cmake_link_script CMakeFiles/cmTC_4a8d5.dir/link.txt --verbose=1
/usr/bin/cc   -DCHECK_FUNCTION_EXISTS=pthread_create    CMakeFiles/cmTC_4a8d5.dir/CheckFunctionExists.c.o  -o cmTC_4a8d5 -rdynamic -lpthreads 
/usr/bin/ld: cannot find -lpthreads
collect2: error: ld returned 1 exit status
CMakeFiles/cmTC_4a8d5.dir/build.make:97: recipe for target 'cmTC_4a8d5' failed
make[1]: *** [cmTC_4a8d5] Error 1
make[1]: Leaving directory '/home/caplab/Batbots/gymBatbot/gym_gazebo_BatBots/gym_gazebo/envs/installation/catkin_ws/build/CMakeFiles/CMakeTmp'
Makefile:126: recipe for target 'cmTC_4a8d5/fast' failed
make: *** [cmTC_4a8d5/fast] Error 2


Determining if the include file pgm.h exists failed with the following output:
Change Dir: /home/caplab/Batbots/gymBatbot/gym_gazebo_BatBots/gym_gazebo/envs/installation/catkin_ws/build/CMakeFiles/CMakeTmp

Run Build Command:"/usr/bin/make" "cmTC_1f6ef/fast"
make[1]: Entering directory '/home/caplab/Batbots/gymBatbot/gym_gazebo_BatBots/gym_gazebo/envs/installation/catkin_ws/build/CMakeFiles/CMakeTmp'
/usr/bin/make -f CMakeFiles/cmTC_1f6ef.dir/build.make CMakeFiles/cmTC_1f6ef.dir/build
make[2]: Entering directory '/home/caplab/Batbots/gymBatbot/gym_gazebo_BatBots/gym_gazebo/envs/installation/catkin_ws/build/CMakeFiles/CMakeTmp'
Building CXX object CMakeFiles/cmTC_1f6ef.dir/CheckIncludeFile.cxx.o
/usr/bin/c++      -o CMakeFiles/cmTC_1f6ef.dir/CheckIncludeFile.cxx.o -c /home/caplab/Batbots/gymBatbot/gym_gazebo_BatBots/gym_gazebo/envs/installation/catkin_ws/build/CMakeFiles/CMakeTmp/CheckIncludeFile.cxx
/home/caplab/Batbots/gymBatbot/gym_gazebo_BatBots/gym_gazebo/envs/installation/catkin_ws/build/CMakeFiles/CMakeTmp/CheckIncludeFile.cxx:1:17: fatal error: pgm.h: No such file or directory
compilation terminated.
CMakeFiles/cmTC_1f6ef.dir/build.make:65: recipe for target 'CMakeFiles/cmTC_1f6ef.dir/CheckIncludeFile.cxx.o' failed
make[2]: *** [CMakeFiles/cmTC_1f6ef.dir/CheckIncludeFile.cxx.o] Error 1
make[2]: Leaving directory '/home/caplab/Batbots/gymBatbot/gym_gazebo_BatBots/gym_gazebo/envs/installation/catkin_ws/build/CMakeFiles/CMakeTmp'
Makefile:126: recipe for target 'cmTC_1f6ef/fast' failed
make[1]: *** [cmTC_1f6ef/fast] Error 2
make[1]: Leaving directory '/home/caplab/Batbots/gymBatbot/gym_gazebo_BatBots/gym_gazebo/envs/installation/catkin_ws/build/CMakeFiles/CMakeTmp'


