Determining if the pthread_create exist failed with the following output:
Change Dir: /home/adithya/ReinfLearn/gym/gym-gazebo/gym-gazebo/gym_gazebo/envs/installation/catkin_ws/build_isolated/mavros/CMakeFiles/CMakeTmp

Run Build Command:"/usr/bin/make" "cmTC_da1bc/fast"
/usr/bin/make -f CMakeFiles/cmTC_da1bc.dir/build.make CMakeFiles/cmTC_da1bc.dir/build
make[1]: Entering directory '/home/adithya/ReinfLearn/gym/gym-gazebo/gym-gazebo/gym_gazebo/envs/installation/catkin_ws/build_isolated/mavros/CMakeFiles/CMakeTmp'
Building C object CMakeFiles/cmTC_da1bc.dir/CheckSymbolExists.c.o
/usr/bin/cc     -o CMakeFiles/cmTC_da1bc.dir/CheckSymbolExists.c.o   -c /home/adithya/ReinfLearn/gym/gym-gazebo/gym-gazebo/gym_gazebo/envs/installation/catkin_ws/build_isolated/mavros/CMakeFiles/CMakeTmp/CheckSymbolExists.c
Linking C executable cmTC_da1bc
/usr/bin/cmake -E cmake_link_script CMakeFiles/cmTC_da1bc.dir/link.txt --verbose=1
/usr/bin/cc       CMakeFiles/cmTC_da1bc.dir/CheckSymbolExists.c.o  -o cmTC_da1bc -rdynamic 
CMakeFiles/cmTC_da1bc.dir/CheckSymbolExists.c.o: In function `main':
CheckSymbolExists.c:(.text+0x16): undefined reference to `pthread_create'
collect2: error: ld returned 1 exit status
CMakeFiles/cmTC_da1bc.dir/build.make:97: recipe for target 'cmTC_da1bc' failed
make[1]: *** [cmTC_da1bc] Error 1
make[1]: Leaving directory '/home/adithya/ReinfLearn/gym/gym-gazebo/gym-gazebo/gym_gazebo/envs/installation/catkin_ws/build_isolated/mavros/CMakeFiles/CMakeTmp'
Makefile:126: recipe for target 'cmTC_da1bc/fast' failed
make: *** [cmTC_da1bc/fast] Error 2

File /home/adithya/ReinfLearn/gym/gym-gazebo/gym-gazebo/gym_gazebo/envs/installation/catkin_ws/build_isolated/mavros/CMakeFiles/CMakeTmp/CheckSymbolExists.c:
/* */
#include <pthread.h>

int main(int argc, char** argv)
{
  (void)argv;
#ifndef pthread_create
  return ((int*)(&pthread_create))[argc];
#else
  (void)argc;
  return 0;
#endif
}

Determining if the function pthread_create exists in the pthreads failed with the following output:
Change Dir: /home/adithya/ReinfLearn/gym/gym-gazebo/gym-gazebo/gym_gazebo/envs/installation/catkin_ws/build_isolated/mavros/CMakeFiles/CMakeTmp

Run Build Command:"/usr/bin/make" "cmTC_33ec5/fast"
/usr/bin/make -f CMakeFiles/cmTC_33ec5.dir/build.make CMakeFiles/cmTC_33ec5.dir/build
make[1]: Entering directory '/home/adithya/ReinfLearn/gym/gym-gazebo/gym-gazebo/gym_gazebo/envs/installation/catkin_ws/build_isolated/mavros/CMakeFiles/CMakeTmp'
Building C object CMakeFiles/cmTC_33ec5.dir/CheckFunctionExists.c.o
/usr/bin/cc    -DCHECK_FUNCTION_EXISTS=pthread_create   -o CMakeFiles/cmTC_33ec5.dir/CheckFunctionExists.c.o   -c /usr/share/cmake-3.5/Modules/CheckFunctionExists.c
Linking C executable cmTC_33ec5
/usr/bin/cmake -E cmake_link_script CMakeFiles/cmTC_33ec5.dir/link.txt --verbose=1
/usr/bin/cc   -DCHECK_FUNCTION_EXISTS=pthread_create    CMakeFiles/cmTC_33ec5.dir/CheckFunctionExists.c.o  -o cmTC_33ec5 -rdynamic -lpthreads 
/usr/bin/ld: cannot find -lpthreads
collect2: error: ld returned 1 exit status
CMakeFiles/cmTC_33ec5.dir/build.make:97: recipe for target 'cmTC_33ec5' failed
make[1]: *** [cmTC_33ec5] Error 1
make[1]: Leaving directory '/home/adithya/ReinfLearn/gym/gym-gazebo/gym-gazebo/gym_gazebo/envs/installation/catkin_ws/build_isolated/mavros/CMakeFiles/CMakeTmp'
Makefile:126: recipe for target 'cmTC_33ec5/fast' failed
make: *** [cmTC_33ec5/fast] Error 2


