Determining if the pthread_create exist failed with the following output:
Change Dir: /home/adithya/ReinfLearn/gym/gym-gazebo/gym-gazebo/gym_gazebo/envs/installation/catkin_ws/build_isolated/yocs_waypoints_navi/CMakeFiles/CMakeTmp

Run Build Command:"/usr/bin/make" "cmTC_4e97e/fast"
/usr/bin/make -f CMakeFiles/cmTC_4e97e.dir/build.make CMakeFiles/cmTC_4e97e.dir/build
make[1]: Entering directory '/home/adithya/ReinfLearn/gym/gym-gazebo/gym-gazebo/gym_gazebo/envs/installation/catkin_ws/build_isolated/yocs_waypoints_navi/CMakeFiles/CMakeTmp'
Building C object CMakeFiles/cmTC_4e97e.dir/CheckSymbolExists.c.o
/usr/bin/cc     -o CMakeFiles/cmTC_4e97e.dir/CheckSymbolExists.c.o   -c /home/adithya/ReinfLearn/gym/gym-gazebo/gym-gazebo/gym_gazebo/envs/installation/catkin_ws/build_isolated/yocs_waypoints_navi/CMakeFiles/CMakeTmp/CheckSymbolExists.c
Linking C executable cmTC_4e97e
/usr/bin/cmake -E cmake_link_script CMakeFiles/cmTC_4e97e.dir/link.txt --verbose=1
/usr/bin/cc       CMakeFiles/cmTC_4e97e.dir/CheckSymbolExists.c.o  -o cmTC_4e97e -rdynamic 
CMakeFiles/cmTC_4e97e.dir/CheckSymbolExists.c.o: In function `main':
CheckSymbolExists.c:(.text+0x16): undefined reference to `pthread_create'
collect2: error: ld returned 1 exit status
CMakeFiles/cmTC_4e97e.dir/build.make:97: recipe for target 'cmTC_4e97e' failed
make[1]: *** [cmTC_4e97e] Error 1
make[1]: Leaving directory '/home/adithya/ReinfLearn/gym/gym-gazebo/gym-gazebo/gym_gazebo/envs/installation/catkin_ws/build_isolated/yocs_waypoints_navi/CMakeFiles/CMakeTmp'
Makefile:126: recipe for target 'cmTC_4e97e/fast' failed
make: *** [cmTC_4e97e/fast] Error 2

File /home/adithya/ReinfLearn/gym/gym-gazebo/gym-gazebo/gym_gazebo/envs/installation/catkin_ws/build_isolated/yocs_waypoints_navi/CMakeFiles/CMakeTmp/CheckSymbolExists.c:
/* */
#include <pthread.h>

int main(int argc, char** argv)
{
  (void)argv;
#ifndef pthread_create
  return ((int*)(&pthread_create))[argc];
#else
  (void)argc;
  return 0;
#endif
}

Determining if the function pthread_create exists in the pthreads failed with the following output:
Change Dir: /home/adithya/ReinfLearn/gym/gym-gazebo/gym-gazebo/gym_gazebo/envs/installation/catkin_ws/build_isolated/yocs_waypoints_navi/CMakeFiles/CMakeTmp

Run Build Command:"/usr/bin/make" "cmTC_e76a4/fast"
/usr/bin/make -f CMakeFiles/cmTC_e76a4.dir/build.make CMakeFiles/cmTC_e76a4.dir/build
make[1]: Entering directory '/home/adithya/ReinfLearn/gym/gym-gazebo/gym-gazebo/gym_gazebo/envs/installation/catkin_ws/build_isolated/yocs_waypoints_navi/CMakeFiles/CMakeTmp'
Building C object CMakeFiles/cmTC_e76a4.dir/CheckFunctionExists.c.o
/usr/bin/cc    -DCHECK_FUNCTION_EXISTS=pthread_create   -o CMakeFiles/cmTC_e76a4.dir/CheckFunctionExists.c.o   -c /usr/share/cmake-3.5/Modules/CheckFunctionExists.c
Linking C executable cmTC_e76a4
/usr/bin/cmake -E cmake_link_script CMakeFiles/cmTC_e76a4.dir/link.txt --verbose=1
/usr/bin/cc   -DCHECK_FUNCTION_EXISTS=pthread_create    CMakeFiles/cmTC_e76a4.dir/CheckFunctionExists.c.o  -o cmTC_e76a4 -rdynamic -lpthreads 
/usr/bin/ld: cannot find -lpthreads
collect2: error: ld returned 1 exit status
CMakeFiles/cmTC_e76a4.dir/build.make:97: recipe for target 'cmTC_e76a4' failed
make[1]: *** [cmTC_e76a4] Error 1
make[1]: Leaving directory '/home/adithya/ReinfLearn/gym/gym-gazebo/gym-gazebo/gym_gazebo/envs/installation/catkin_ws/build_isolated/yocs_waypoints_navi/CMakeFiles/CMakeTmp'
Makefile:126: recipe for target 'cmTC_e76a4/fast' failed
make: *** [cmTC_e76a4/fast] Error 2


